mode: set
github.com/PatrickLaabs/eros/main.go:9.13,11.2 1 0
github.com/PatrickLaabs/eros/cmd/root.go:21.16,23.16 2 0
github.com/PatrickLaabs/eros/cmd/root.go:23.16,25.3 1 0
github.com/PatrickLaabs/eros/cmd/root.go:28.13,30.2 1 0
github.com/PatrickLaabs/eros/cmd/server/server.go:18.47,20.3 1 0
github.com/PatrickLaabs/eros/cmd/server/server.go:23.13,26.2 2 0
github.com/PatrickLaabs/eros/cmd/server/start.go:17.47,26.3 2 0
github.com/PatrickLaabs/eros/cmd/server/stop.go:16.47,24.3 1 0
github.com/PatrickLaabs/eros/pkg/backend/middleware/router.go:8.45,9.71 1 0
github.com/PatrickLaabs/eros/pkg/backend/middleware/router.go:9.71,14.15 2 0
github.com/PatrickLaabs/eros/pkg/backend/middleware/router.go:15.19,16.24 1 0
github.com/PatrickLaabs/eros/pkg/backend/middleware/router.go:17.16,18.21 1 0
github.com/PatrickLaabs/eros/pkg/backend/middleware/router.go:19.22,20.27 1 0
github.com/PatrickLaabs/eros/pkg/backend/middleware/router.go:21.11,24.10 2 0
github.com/PatrickLaabs/eros/pkg/backend/middleware/router.go:28.3,28.23 1 0
github.com/PatrickLaabs/eros/pkg/backend/routes/kubernetes.go:11.57,15.18 2 0
github.com/PatrickLaabs/eros/pkg/backend/routes/kubernetes.go:15.18,18.3 2 0
github.com/PatrickLaabs/eros/pkg/backend/routes/kubernetes.go:21.2,21.16 1 0
github.com/PatrickLaabs/eros/pkg/backend/routes/kubernetes.go:22.15,24.16 2 0
github.com/PatrickLaabs/eros/pkg/backend/routes/kubernetes.go:25.22,27.16 2 0
github.com/PatrickLaabs/eros/pkg/backend/routes/kubernetes.go:28.13,29.40 1 0
github.com/PatrickLaabs/eros/pkg/backend/routes/kubernetes.go:30.10,31.61 1 0
github.com/PatrickLaabs/eros/pkg/backend/routes/registerroutes.go:12.41,13.38 1 0
github.com/PatrickLaabs/eros/pkg/backend/routes/registerroutes.go:13.38,15.3 1 0
github.com/PatrickLaabs/eros/pkg/backend/routes/test.go:8.51,12.2 1 0
github.com/PatrickLaabs/eros/pkg/backend/routes/version.go:10.54,13.16 3 0
github.com/PatrickLaabs/eros/pkg/backend/routes/version.go:13.16,15.3 1 0
github.com/PatrickLaabs/eros/pkg/kind/create.go:8.15,14.16 2 0
github.com/PatrickLaabs/eros/pkg/kind/create.go:14.16,16.3 1 0
github.com/PatrickLaabs/eros/pkg/kind/delete.go:5.15,8.2 2 0
github.com/PatrickLaabs/eros/pkg/server/startBackend.go:4.22,4.23 0 0
github.com/PatrickLaabs/eros/pkg/backend/start.go:20.14,27.2 4 0
github.com/PatrickLaabs/eros/pkg/backend/middleware/router.go:8.45,9.71 1 0
github.com/PatrickLaabs/eros/pkg/backend/middleware/router.go:9.71,14.15 2 0
github.com/PatrickLaabs/eros/pkg/backend/middleware/router.go:15.19,16.24 1 0
github.com/PatrickLaabs/eros/pkg/backend/middleware/router.go:17.16,18.21 1 0
github.com/PatrickLaabs/eros/pkg/backend/middleware/router.go:19.22,20.27 1 0
github.com/PatrickLaabs/eros/pkg/backend/middleware/router.go:21.11,24.10 2 0
github.com/PatrickLaabs/eros/pkg/backend/middleware/router.go:28.3,28.23 1 0
github.com/PatrickLaabs/eros/pkg/backend/routes/kubernetes.go:11.57,15.18 2 1
github.com/PatrickLaabs/eros/pkg/backend/routes/kubernetes.go:15.18,18.3 2 0
github.com/PatrickLaabs/eros/pkg/backend/routes/kubernetes.go:21.2,21.16 1 1
github.com/PatrickLaabs/eros/pkg/backend/routes/kubernetes.go:22.15,24.16 2 1
github.com/PatrickLaabs/eros/pkg/backend/routes/kubernetes.go:25.22,27.16 2 0
github.com/PatrickLaabs/eros/pkg/backend/routes/kubernetes.go:28.13,29.40 1 1
github.com/PatrickLaabs/eros/pkg/backend/routes/kubernetes.go:30.10,31.61 1 0
github.com/PatrickLaabs/eros/pkg/backend/routes/registerroutes.go:12.41,13.38 1 0
github.com/PatrickLaabs/eros/pkg/backend/routes/registerroutes.go:13.38,15.3 1 0
github.com/PatrickLaabs/eros/pkg/backend/routes/test.go:8.51,12.2 1 1
github.com/PatrickLaabs/eros/pkg/backend/routes/version.go:10.54,13.16 3 1
github.com/PatrickLaabs/eros/pkg/backend/routes/version.go:13.16,15.3 1 0
github.com/PatrickLaabs/eros/pkg/kind/create.go:8.15,14.16 2 1
github.com/PatrickLaabs/eros/pkg/kind/create.go:14.16,16.3 1 1
github.com/PatrickLaabs/eros/pkg/kind/delete.go:5.15,8.2 2 0
github.com/PatrickLaabs/eros/pkg/preflight/checks.go:3.16,3.17 0 0
